c:\dev\c_c++\BRUH\bin-int\debug-windows-x86_64\BRUH\vc143.pdb
c:\dev\c_c++\BRUH\bin-int\debug-windows-x86_64\BRUH\vc143.idb
c:\dev\c_c++\BRUH\bin-int\debug-windows-x86_64\BRUH\imgui_impl_opengl3.obj
c:\dev\c_c++\BRUH\bin-int\debug-windows-x86_64\BRUH\imgui_impl_glfw.obj
c:\dev\c_c++\BRUH\bin-int\debug-windows-x86_64\BRUH\main.obj
c:\dev\c_c++\BRUH\bin-int\debug-windows-x86_64\BRUH\main1.obj
c:\dev\c_c++\BRUH\bin-int\debug-windows-x86_64\BRUH\state.obj
c:\dev\c_c++\BRUH\bin-int\debug-windows-x86_64\BRUH\spmm.obj
c:\dev\c_c++\BRUH\bin-int\debug-windows-x86_64\BRUH\person.obj
c:\dev\c_c++\BRUH\bin-int\debug-windows-x86_64\BRUH\date.obj
c:\dev\c_c++\BRUH\bin-int\debug-windows-x86_64\BRUH\retireds.obj
c:\dev\c_c++\BRUH\bin-int\debug-windows-x86_64\BRUH\db-conect.obj
c:\dev\c_c++\BRUH\bin-int\debug-windows-x86_64\BRUH\push.obj
c:\dev\c_c++\BRUH\bin-int\debug-windows-x86_64\BRUH\paying.obj
c:\dev\c_c++\BRUH\bin\debug-windows-x86_64\BRUH\BRUH.exe
c:\dev\c_c++\BRUH\bin-int\debug-windows-x86_64\BRUH\BRUH.ilk
c:\dev\c_c++\BRUH\bin\debug-windows-x86_64\BRUH\BRUH.pdb
c:\dev\c_c++\BRUH\bin-int\debug-windows-x86_64\BRUH\BRUH.tlog\cl.command.1.tlog
c:\dev\c_c++\BRUH\bin-int\debug-windows-x86_64\BRUH\BRUH.tlog\cl.items.tlog
c:\dev\c_c++\BRUH\bin-int\debug-windows-x86_64\BRUH\BRUH.tlog\cl.read.1.tlog
c:\dev\c_c++\BRUH\bin-int\debug-windows-x86_64\BRUH\BRUH.tlog\cl.write.1.tlog
c:\dev\c_c++\BRUH\bin-int\debug-windows-x86_64\BRUH\BRUH.tlog\link-cvtres.read.1.tlog
c:\dev\c_c++\BRUH\bin-int\debug-windows-x86_64\BRUH\BRUH.tlog\link-cvtres.write.1.tlog
c:\dev\c_c++\BRUH\bin-int\debug-windows-x86_64\BRUH\BRUH.tlog\link-rc.read.1.tlog
c:\dev\c_c++\BRUH\bin-int\debug-windows-x86_64\BRUH\BRUH.tlog\link-rc.write.1.tlog
c:\dev\c_c++\BRUH\bin-int\debug-windows-x86_64\BRUH\BRUH.tlog\link.command.1.tlog
c:\dev\c_c++\BRUH\bin-int\debug-windows-x86_64\BRUH\BRUH.tlog\link.read.1.tlog
c:\dev\c_c++\BRUH\bin-int\debug-windows-x86_64\BRUH\BRUH.tlog\link.read.2.tlog
c:\dev\c_c++\BRUH\bin-int\debug-windows-x86_64\BRUH\BRUH.tlog\link.read.3.tlog
c:\dev\c_c++\BRUH\bin-int\debug-windows-x86_64\BRUH\BRUH.tlog\link.write.1.tlog
